<?xml version="1.0" encoding="UTF-8"?>
<!-- Generated by org.testng.reporters.JUnitReportReporter -->
<testsuite hostname="LAPTOP-GNU96NS8" failures="0" tests="1" name="com.google.FirstTest2" time="3.278" errors="0" timestamp="01 mar 2022 21:23:50 GMT" skipped="0">
  <testcase classname="com.google.FirstTest2" name="googleTest" time="3.278"/>
</testsuite> <!-- com.google.FirstTest2 -->
