<?xml version="1.0" encoding="UTF-8"?>
<!-- Generated by org.testng.reporters.JUnitReportReporter -->
<testsuite hostname="LAPTOP-GNU96NS8" failures="0" tests="1" name="com.google.FirstTest" time="2.664" errors="0" timestamp="18 feb 2022 23:41:53 GMT" skipped="0">
  <testcase classname="com.google.FirstTest" name="googleTest" time="2.664"/>
</testsuite> <!-- com.google.FirstTest -->
